Server URL: https://assignment-3-tavonatti.herokuapp.com/ws/people?wsdl

----------------------------------------------
Request number: #1: getPersonList()
	ID: 1
	Firstname: Paolo167
	Lastname: Bitta
	BirthDate: 1994-12-31T23:00:00Z
	Health Profile:
			CurrentHealth:
				height(mid:425): 27.0
				weight(mid:2): 160.0
				steps(mid:426): 27.0
	---
	ID: 101
	Firstname: Paolo
	Lastname: Rossi
	BirthDate: 1994-12-31T23:00:00Z
	Health Profile:
			CurrentHealth:
				height(mid:103): 10.0
	---
	
----------------------------------------------
Request number: #2: readPerson(personid):
	ID: 1
	Firstname: Paolo167
	Lastname: Bitta
	BirthDate: 1994-12-31T23:00:00Z
	Health Profile:
			CurrentHealth:
				height(mid:425): 27.0
				weight(mid:2): 160.0
				steps(mid:426): 27.0
----------------------------------------------
Request number: #3: updatePerson(1):
new person:
	ID: 1
	Firstname: Paolo164
	Lastname: Bitta
	BirthDate: 1994-12-31T23:00:00Z
	Health Profile:
			CurrentHealth:
				height(mid:425): 27.0
				weight(mid:2): 160.0
				steps(mid:426): 27.0
----------------------------------------------
Request number: #4: createPerson(): 
	ID: 427
	Firstname: Luca
	Lastname: Nervi
	BirthDate: 1965-01-04T23:00:00Z
	
----------------------------------------------
Request number: #5: deletePerson(427): 
	result: 0
----------------------------------------------
Request number: #6: readPersonHistory(1,"height"):
	
		height(mid:51): 8.0
		height(mid:52): 15.0
		height(mid:425): 27.0
		height(mid:428): 27.0
----------------------------------------------
Request number: #7: getMeasureType
	height
	weight
	steps
	bloodpressure
	
----------------------------------------------
Request number: #8: readPersonMeasure(1, "height",51)
	
	height(mid:51): 8.0
----------------------------------------------
Request number: #9: savePersonMeasure(1,m)
	ID: 1
	Firstname: Paolo164
	Lastname: Bitta
	BirthDate: 1994-12-31T23:00:00Z
	Health Profile:
			CurrentHealth:
				height(mid:428): 27.0
				weight(mid:2): 160.0
				steps(mid:429): 27.0
----------------------------------------------
Request number: #10: updatePersonMeasure(1,measure)
	
	height(mid:51): 25.0
